<?xml version="1.0" encoding="utf-8"?><testsuites name="pytest tests"><testsuite name="pytest" errors="0" failures="0" skipped="0" tests="19" time="2.209" timestamp="2026-07-13T09:30:51.981993+00:00" hostname="agent-env-93422d99-e358-4cd0-a17e-2ab9f9534418"><testcase classname="tests.backend_test.TestProducts" name="test_create" time="0.274" /><testcase classname="tests.backend_test.TestExports" name="test_export_xlsx[amazon]" time="0.166" /><testcase classname="tests.backend_test.TestExports" name="test_export_xlsx[flipkart]" time="0.050" /><testcase classname="tests.backend_test.TestExports" name="test_export_xlsx[generic]" time="0.047" /><testcase classname="tests.backend_test.TestExports" name="test_list_exports" time="0.084" /><testcase classname="tests.backend_test.TestAuth" name="test_me_with_bearer" time="0.044" /><testcase classname="tests.backend_test.TestAuth" name="test_me_unauthenticated" time="0.139" /><testcase classname="tests.backend_test.TestProducts" name="test_list_and_search_filter" time="0.344" /><testcase classname="tests.backend_test.TestAuth" name="test_products_unauthenticated" time="0.147" /><testcase classname="tests.backend_test.TestProducts" name="test_get_single" time="0.044" /><testcase classname="tests.backend_test.TestProducts" name="test_update" time="0.091" /><testcase classname="tests.backend_test.TestGeneration" name="test_generate_full_listing" time="0.133" /><testcase classname="tests.backend_test.TestProducts" name="test_delete_and_404" time="0.183" /><testcase classname="tests.backend_test.TestGeneration" name="test_regenerate_section" time="0.044" /><testcase classname="tests.backend_test.TestGeneration" name="test_update_listing_persists_and_appends_history" time="0.043" /><testcase classname="tests.backend_test.TestStats" name="test_stats" time="0.085" /><testcase classname="tests.backend_test.TestSettings" name="test_get_defaults" time="0.048" /><testcase classname="tests.backend_test.TestSettings" name="test_update_persists" time="0.137" /><testcase classname="tests.backend_test.TestUploads" name="test_upload_csv_and_list" time="0.729" /></testsuite></testsuites>