<?xml version="1.0" encoding="utf-8"?><testsuites name="pytest tests"><testsuite name="pytest" errors="0" failures="0" skipped="0" tests="27" time="98.120" timestamp="2026-07-13T10:41:54.261242+00:00" hostname="agent-env-93422d99-e358-4cd0-a17e-2ab9f9534418"><testcase classname="tests.backend_test.TestProducts" name="test_create_and_get" time="0.513" /><testcase classname="tests.backend_test.TestProducts" name="test_new_fields_persist" time="0.165" /><testcase classname="tests.backend_test.TestProducts" name="test_duplicate" time="0.084" /><testcase classname="tests.backend_test.TestProducts" name="test_delete_404" time="0.082" /><testcase classname="tests.backend_test.TestAuth" name="test_me_bearer" time="0.041" /><testcase classname="tests.backend_test.TestAuth" name="test_me_unauth" time="0.101" /><testcase classname="tests.backend_test.TestAuth" name="test_products_unauth" time="0.142" /><testcase classname="tests.backend_test.TestGeneration" name="test_generate_returns_multi_marketplace" time="32.405" /><testcase classname="tests.backend_test.TestGeneration" name="test_product_status_completed_and_quality_set" time="0.040" /><testcase classname="tests.backend_test.TestSettings" name="test_get_returns_ai_flags" time="0.042" /><testcase classname="tests.backend_test.TestSettings" name="test_update_own_key_and_empty_preserves" time="0.122" /><testcase classname="tests.backend_test.TestQuality" name="test_quality_shape" time="0.039" /><testcase classname="tests.backend_test.TestVersionsRestore" name="test_versions_and_restore" time="0.131" /><testcase classname="tests.backend_test.TestRegenerate" name="test_regenerate_meta_description" time="32.193" /><testcase classname="tests.backend_test.TestExports" name="test_xlsx[amazon]" time="38.254" /><testcase classname="tests.backend_test.TestExports" name="test_xlsx[flipkart]" time="0.058" /><testcase classname="tests.backend_test.TestExports" name="test_xlsx[meesho]" time="0.057" /><testcase classname="tests.backend_test.TestExports" name="test_xlsx[generic]" time="0.054" /><testcase classname="tests.backend_test.TestExports" name="test_csv[shopify]" time="0.052" /><testcase classname="tests.backend_test.TestExports" name="test_csv[woocommerce]" time="0.051" /><testcase classname="tests.backend_test.TestExports" name="test_json" time="0.086" /><testcase classname="tests.backend_test.TestExports" name="test_zip" time="0.054" /><testcase classname="tests.backend_test.TestExports" name="test_unknown_type_400" time="0.049" /><testcase classname="tests.backend_test.TestStats" name="test_stats_analytics_fields" time="0.051" /><testcase classname="tests.backend_test.TestBulkUpload" name="test_upload_csv_and_generate_all" time="33.332" /><testcase classname="tests.backend_test.TestImagePresets" name="test_22_presets" time="0.083" /><testcase classname="tests.backend_test.TestAgent" name="test_agent_pipeline" time="31.369" /></testsuite></testsuites>